<?xml version="1.0" encoding="UTF-8"?>
<testng-results ignored="0" total="3" passed="2" failed="1" skipped="0">
  <reporter-output>
  </reporter-output>
  <suite started-at="2021-03-10T16:01:41 PST" name="Default suite" finished-at="2021-03-10T16:02:15 PST" duration-ms="34218">
    <groups>
    </groups>
    <test started-at="2021-03-10T16:01:41 PST" name="Default test" finished-at="2021-03-10T16:02:15 PST" duration-ms="34218">
      <class name="webDriver.DataDriven">
        <test-method signature="adminLogin(java.lang.String, java.lang.String)[pri:0, instance:webDriver.DataDriven@30b7c004]" started-at="2021-03-10T16:01:41 PST" name="adminLogin" data-provider="testdata" finished-at="2021-03-10T16:01:55 PST" duration-ms="13631" status="PASS">
          <params>
            <param index="0">
              <value>
                <![CDATA[gcreddy]]>
              </value>
            </param>
            <param index="1">
              <value>
                <![CDATA[Temp@2020]]>
              </value>
            </param>
          </params>
          <reporter-output>
          </reporter-output>
        </test-method> <!-- adminLogin -->
        <test-method is-config="true" signature="closeBrowser()[pri:0, instance:webDriver.DataDriven@30b7c004]" started-at="2021-03-10T16:01:55 PST" name="closeBrowser" finished-at="2021-03-10T16:01:55 PST" duration-ms="153" status="PASS">
          <reporter-output>
          </reporter-output>
        </test-method> <!-- closeBrowser -->
        <test-method signature="adminLogin(java.lang.String, java.lang.String)[pri:0, instance:webDriver.DataDriven@30b7c004]" started-at="2021-03-10T16:01:55 PST" name="adminLogin" data-provider="testdata" finished-at="2021-03-10T16:02:03 PST" duration-ms="8414" status="FAIL">
          <params>
            <param index="0">
              <value>
                <![CDATA[gcreddy]]>
              </value>
            </param>
            <param index="1">
              <value>
                <![CDATA[xyz1234]]>
              </value>
            </param>
          </params>
          <exception class="java.lang.AssertionError">
            <message>
              <![CDATA[expected [http://gcreddy.com/project/admin/index.php] but found [http://gcreddy.com/project/admin/login.php?action=process]]]>
            </message>
            <full-stacktrace>
              <![CDATA[java.lang.AssertionError: expected [http://gcreddy.com/project/admin/index.php] but found [http://gcreddy.com/project/admin/login.php?action=process]
at org.testng.Assert.fail(Assert.java:99)
at org.testng.Assert.failNotEquals(Assert.java:1037)
at org.testng.Assert.assertEqualsImpl(Assert.java:140)
at org.testng.Assert.assertEquals(Assert.java:122)
at org.testng.Assert.assertEquals(Assert.java:629)
at org.testng.Assert.assertEquals(Assert.java:639)
at webDriver.DataDriven.adminLogin(DataDriven.java:35)
at java.base/jdk.internal.reflect.NativeMethodAccessorImpl.invoke0(Native Method)
at java.base/jdk.internal.reflect.NativeMethodAccessorImpl.invoke(NativeMethodAccessorImpl.java:64)
at java.base/jdk.internal.reflect.DelegatingMethodAccessorImpl.invoke(DelegatingMethodAccessorImpl.java:43)
at java.base/java.lang.reflect.Method.invoke(Method.java:564)
at org.testng.internal.MethodInvocationHelper.invokeMethod(MethodInvocationHelper.java:132)
at org.testng.internal.TestInvoker.invokeMethod(TestInvoker.java:599)
at org.testng.internal.TestInvoker.invokeTestMethod(TestInvoker.java:174)
at org.testng.internal.MethodRunner.runInSequence(MethodRunner.java:46)
at org.testng.internal.TestInvoker$MethodInvocationAgent.invoke(TestInvoker.java:822)
at org.testng.internal.TestInvoker.invokeTestMethods(TestInvoker.java:147)
at org.testng.internal.TestMethodWorker.invokeTestMethods(TestMethodWorker.java:146)
at org.testng.internal.TestMethodWorker.run(TestMethodWorker.java:128)
at java.base/java.util.ArrayList.forEach(ArrayList.java:1511)
at org.testng.TestRunner.privateRun(TestRunner.java:764)
at org.testng.TestRunner.run(TestRunner.java:585)
at org.testng.SuiteRunner.runTest(SuiteRunner.java:384)
at org.testng.SuiteRunner.runSequentially(SuiteRunner.java:378)
at org.testng.SuiteRunner.privateRun(SuiteRunner.java:337)
at org.testng.SuiteRunner.run(SuiteRunner.java:286)
at org.testng.SuiteRunnerWorker.runSuite(SuiteRunnerWorker.java:53)
at org.testng.SuiteRunnerWorker.run(SuiteRunnerWorker.java:96)
at org.testng.TestNG.runSuitesSequentially(TestNG.java:1218)
at org.testng.TestNG.runSuitesLocally(TestNG.java:1140)
at org.testng.TestNG.runSuites(TestNG.java:1069)
at org.testng.TestNG.run(TestNG.java:1037)
at org.testng.remote.AbstractRemoteTestNG.run(AbstractRemoteTestNG.java:115)
at org.testng.remote.RemoteTestNG.initAndRun(RemoteTestNG.java:251)
at org.testng.remote.RemoteTestNG.main(RemoteTestNG.java:77)
]]>
            </full-stacktrace>
          </exception> <!-- java.lang.AssertionError -->
          <reporter-output>
          </reporter-output>
        </test-method> <!-- adminLogin -->
        <test-method is-config="true" signature="closeBrowser()[pri:0, instance:webDriver.DataDriven@30b7c004]" started-at="2021-03-10T16:02:03 PST" name="closeBrowser" finished-at="2021-03-10T16:02:04 PST" duration-ms="377" status="PASS">
          <reporter-output>
          </reporter-output>
        </test-method> <!-- closeBrowser -->
        <test-method signature="adminLogin(java.lang.String, java.lang.String)[pri:0, instance:webDriver.DataDriven@30b7c004]" started-at="2021-03-10T16:02:04 PST" name="adminLogin" data-provider="testdata" finished-at="2021-03-10T16:02:15 PST" duration-ms="10997" status="PASS">
          <params>
            <param index="0">
              <value>
                <![CDATA[gcreddy]]>
              </value>
            </param>
            <param index="1">
              <value>
                <![CDATA[Temp@2020]]>
              </value>
            </param>
          </params>
          <reporter-output>
          </reporter-output>
        </test-method> <!-- adminLogin -->
        <test-method is-config="true" signature="closeBrowser()[pri:0, instance:webDriver.DataDriven@30b7c004]" started-at="2021-03-10T16:02:15 PST" name="closeBrowser" finished-at="2021-03-10T16:02:15 PST" duration-ms="342" status="PASS">
          <reporter-output>
          </reporter-output>
        </test-method> <!-- closeBrowser -->
      </class> <!-- webDriver.DataDriven -->
    </test> <!-- Default test -->
  </suite> <!-- Default suite -->
</testng-results>
